Using pre-set license
Built from '2020.3/release' branch; Version is '2020.3.27f1 (e759542391ea) revision 15161684'; Using compiler version '192528614'; Build Type 'Release'
OS: 'Windows 11  (10.0.22000) 64bit Core' Language: 'en' Physical Memory: 16166 MB
BatchMode: 1, IsHumanControllingUs: 0, StartBugReporterOnCrash: 0, Is64bit: 1, IsPro: 0

COMMAND LINE ARGUMENTS:
C:\Program Files\Unity\Hub\Editor\2020.3.27f1\Editor\Unity.exe
-adb2
-batchMode
-noUpm
-name
AssetImportWorker0
-projectPath
C:/Users/Matt/Desktop/Unity git/Unity-programming-theory/RGB
-logFile
Logs/AssetImportWorker0.log
-srvPort
51093
Successfully changed project path to: C:/Users/Matt/Desktop/Unity git/Unity-programming-theory/RGB
C:/Users/Matt/Desktop/Unity git/Unity-programming-theory/RGB
Using Asset Import Pipeline V2.
Refreshing native plugins compatible for Editor in 27.07 ms, found 2 plugins.
Preloading 0 native plugins for Editor in 0.00 ms.
Initialize engine version: 2020.3.27f1 (e759542391ea)
[Subsystems] Discovering subsystems at path C:/Program Files/Unity/Hub/Editor/2020.3.27f1/Editor/Data/Resources/UnitySubsystems
[Subsystems] Discovering subsystems at path C:/Users/Matt/Desktop/Unity git/Unity-programming-theory/RGB/Assets
GfxDevice: creating device client; threaded=0
Direct3D:
    Version:  Direct3D 11.0 [level 11.1]
    Renderer: NVIDIA GeForce RTX 2060 (ID=0x1f15)
    Vendor:   
    VRAM:     5980 MB
    Driver:   30.0.14.9649
Initialize mono
Mono path[0] = 'C:/Program Files/Unity/Hub/Editor/2020.3.27f1/Editor/Data/Managed'
Mono path[1] = 'C:/Program Files/Unity/Hub/Editor/2020.3.27f1/Editor/Data/MonoBleedingEdge/lib/mono/unityjit'
Mono config path = 'C:/Program Files/Unity/Hub/Editor/2020.3.27f1/Editor/Data/MonoBleedingEdge/etc'
Using monoOptions --debugger-agent=transport=dt_socket,embedding=1,server=y,suspend=n,address=127.0.0.1:56048
Begin MonoManager ReloadAssembly
Registering precompiled unity dll's ...
Register platform support module: C:/Program Files/Unity/Hub/Editor/2020.3.27f1/Editor/Data/PlaybackEngines/WindowsStandaloneSupport/UnityEditor.WindowsStandalone.Extensions.dll
Registered in 0.001254 seconds.
Native extension for WindowsStandalone target not found
Refreshing native plugins compatible for Editor in 26.32 ms, found 2 plugins.
Preloading 0 native plugins for Editor in 0.00 ms.
Mono: successfully reloaded assembly
- Completed reload, in  0.494 seconds
Domain Reload Profiling:
	ReloadAssembly (494ms)
		BeginReloadAssembly (51ms)
			ExecutionOrderSort (0ms)
			DisableScriptedObjects (0ms)
			BackupInstance (0ms)
			ReleaseScriptingObjects (0ms)
			CreateAndSetChildDomain (1ms)
		EndReloadAssembly (385ms)
			LoadAssemblies (49ms)
			RebuildTransferFunctionScriptingTraits (0ms)
			SetupTypeCache (129ms)
			ReleaseScriptCaches (0ms)
			RebuildScriptCaches (30ms)
			SetupLoadedEditorAssemblies (141ms)
				LogAssemblyErrors (0ms)
				InitializePlatformSupportModulesInManaged (4ms)
				SetLoadedEditorAssemblies (0ms)
				RefreshPlugins (26ms)
				BeforeProcessingInitializeOnLoad (15ms)
				ProcessInitializeOnLoadAttributes (71ms)
				ProcessInitializeOnLoadMethodAttributes (24ms)
				AfterProcessingInitializeOnLoad (0ms)
				EditorAssembliesLoaded (0ms)
			ExecutionOrderSort2 (0ms)
			AwakeInstancesAfterBackupRestoration (0ms)
Platform modules already initialized, skipping
Registering precompiled user dll's ...
Registered in 0.003298 seconds.
Begin MonoManager ReloadAssembly
Native extension for WindowsStandalone target not found
Refreshing native plugins compatible for Editor in 0.29 ms, found 2 plugins.
Preloading 0 native plugins for Editor in 0.00 ms.
Mono: successfully reloaded assembly
- Completed reload, in  0.849 seconds
Domain Reload Profiling:
	ReloadAssembly (850ms)
		BeginReloadAssembly (123ms)
			ExecutionOrderSort (0ms)
			DisableScriptedObjects (4ms)
			BackupInstance (0ms)
			ReleaseScriptingObjects (0ms)
			CreateAndSetChildDomain (15ms)
		EndReloadAssembly (678ms)
			LoadAssemblies (73ms)
			RebuildTransferFunctionScriptingTraits (0ms)
			SetupTypeCache (225ms)
			ReleaseScriptCaches (0ms)
			RebuildScriptCaches (41ms)
			SetupLoadedEditorAssemblies (266ms)
				LogAssemblyErrors (0ms)
				InitializePlatformSupportModulesInManaged (4ms)
				SetLoadedEditorAssemblies (0ms)
				RefreshPlugins (0ms)
				BeforeProcessingInitializeOnLoad (68ms)
				ProcessInitializeOnLoadAttributes (181ms)
				ProcessInitializeOnLoadMethodAttributes (8ms)
				AfterProcessingInitializeOnLoad (4ms)
				EditorAssembliesLoaded (0ms)
			ExecutionOrderSort2 (0ms)
			AwakeInstancesAfterBackupRestoration (5ms)
Platform modules already initialized, skipping
========================================================================
Worker process is ready to serve import requests
Launched and connected shader compiler UnityShaderCompiler.exe after 0.05 seconds
Refreshing native plugins compatible for Editor in 0.33 ms, found 2 plugins.
Preloading 0 native plugins for Editor in 0.00 ms.
Unloading 1527 Unused Serialized files (Serialized files now loaded: 0)
System memory in use before: 71.2 MB.
System memory in use after: 71.3 MB.

Unloading 19 unused Assets to reduce memory usage. Loaded Objects now: 1960.
Total: 2.102200 ms (FindLiveObjects: 0.111200 ms CreateObjectMapping: 0.044400 ms MarkObjects: 1.899800 ms  DeleteObjects: 0.046300 ms)

AssetImportParameters requested are different than current active one (requested -> active):
  custom:framework-win-MediaFoundation: 216162199b28c13a410421893ffa2e32 -> 
  custom:video-decoder-ogg-theora: a1e56fd34408186e4bbccfd4996cb3dc -> 
  custom:container-muxer-webm: aa71ff27fc2769a1b78a27578f13a17b -> 
  custom:container-demuxer-webm: 4f35f7cbe854078d1ac9338744f61a02 -> 
  custom:container-demuxer-ogg: 62fdf1f143b41e24485cea50d1cbac27 -> 
  custom:video-encoder-webm-vp8: eb34c28f22e8b96e1ab97ce403110664 -> 
  custom:video-codec-MediaFoundation-h265: 746d11721c4dcdbdad8f713fa42b33f4 -> 
  custom:video-decoder-webm-vp8: 9c59270c3fd7afecdb556c50c9e8de78 -> 
  custom:audio-decoder-ogg-vorbis: bf7c407c2cedff20999df2af8eb42d56 -> 
  custom:audio-encoder-webm-vorbis: bf7c407c2cedff20999df2af8eb42d56 -> 
========================================================================
Received Import Request.
  path: Assets/Obstacles/TNT.png
  artifactKey: Guid(bf0f819b59022564fac45a365d660aaa) Importer(815301076,1909f56bfc062723c751e8b465ee728b)
Start importing Assets/Obstacles/TNT.png using Guid(bf0f819b59022564fac45a365d660aaa) Importer(815301076,1909f56bfc062723c751e8b465ee728b)  -> (artifact id: 'b851b451bdfa49210132e472daf409f0') in 0.057710 seconds 
  Import took 0.059680 seconds .

========================================================================
Received Import Request.
  Time since last request: 0.000178 seconds.
  path: Assets/Obstacles/Materials/mine.mat
  artifactKey: Guid(4c1a3cdabfbe741439d4f3dd4a9cc1e2) Importer(815301076,1909f56bfc062723c751e8b465ee728b)
Start importing Assets/Obstacles/Materials/mine.mat using Guid(4c1a3cdabfbe741439d4f3dd4a9cc1e2) Importer(815301076,1909f56bfc062723c751e8b465ee728b)  -> (artifact id: '86fa8860dedd2ed69629e9f41b968873') in 0.065959 seconds 
  Import took 0.068221 seconds .

========================================================================
Received Import Request.
  Time since last request: 0.000172 seconds.
  path: Assets/Obstacles/Materials
  artifactKey: Guid(d169969a2e5ed8e409903360726cf6fc) Importer(815301076,1909f56bfc062723c751e8b465ee728b)
Start importing Assets/Obstacles/Materials using Guid(d169969a2e5ed8e409903360726cf6fc) Importer(815301076,1909f56bfc062723c751e8b465ee728b)  -> (artifact id: '45feb028e5ae683fefd713dd1c23dcf4') in 0.001911 seconds 
  Import took 0.003857 seconds .

========================================================================
Received Import Request.
  Time since last request: 41.698072 seconds.
  path: Assets/Cartoon_Texture_Pack/WALLS/WALL_Bricks/Materials/Wall_Brick_A.mat
  artifactKey: Guid(57affabf9cc8f1443a25f2ff280d83a8) Importer(815301076,1909f56bfc062723c751e8b465ee728b)
Start importing Assets/Cartoon_Texture_Pack/WALLS/WALL_Bricks/Materials/Wall_Brick_A.mat using Guid(57affabf9cc8f1443a25f2ff280d83a8) Importer(815301076,1909f56bfc062723c751e8b465ee728b)  -> (artifact id: '2f4203954dd1099f897dbafc2a3388b2') in 0.063456 seconds 
  Import took 0.066059 seconds .

========================================================================
Received Import Request.
  Time since last request: 40.419989 seconds.
  path: Assets/Obstacles
  artifactKey: Guid(ee2fa966dadfb624a9314d9e0205fa6d) Importer(815301076,1909f56bfc062723c751e8b465ee728b)
Start importing Assets/Obstacles using Guid(ee2fa966dadfb624a9314d9e0205fa6d) Importer(815301076,1909f56bfc062723c751e8b465ee728b)  -> (artifact id: '5811d1b4b9cee87f52c70761d513d295') in 0.006390 seconds 
  Import took 0.008665 seconds .

========================================================================
Received Import Request.
  Time since last request: 9.780708 seconds.
  path: Assets/Obstacles/TNT.mat
  artifactKey: Guid(32316201b7ea510489fa5bc6184a4b54) Importer(815301076,1909f56bfc062723c751e8b465ee728b)
Start importing Assets/Obstacles/TNT.mat using Guid(32316201b7ea510489fa5bc6184a4b54) Importer(815301076,1909f56bfc062723c751e8b465ee728b)  -> (artifact id: '544aaa6d0b9b3c6e472e38be024b6bc2') in 0.013195 seconds 
  Import took 0.017395 seconds .

========================================================================
Received Import Request.
  Time since last request: 85.824758 seconds.
  path: Assets/Obstacles/Materials/TNT.mat
  artifactKey: Guid(9ca316b0441649b4097a71e092b16710) Importer(815301076,1909f56bfc062723c751e8b465ee728b)
Start importing Assets/Obstacles/Materials/TNT.mat using Guid(9ca316b0441649b4097a71e092b16710) Importer(815301076,1909f56bfc062723c751e8b465ee728b)  -> (artifact id: 'd969c08e41f41f7ef9363d72d561f7b8') in 0.011536 seconds 
  Import took 0.014167 seconds .

========================================================================
Received Import Request.
  Time since last request: 42.668091 seconds.
  path: Assets/TextMesh Pro/Sprites
  artifactKey: Guid(d0603b6d5186471b96c778c3949c7ce2) Importer(815301076,1909f56bfc062723c751e8b465ee728b)
Start importing Assets/TextMesh Pro/Sprites using Guid(d0603b6d5186471b96c778c3949c7ce2) Importer(815301076,1909f56bfc062723c751e8b465ee728b)  -> (artifact id: '96cee1b573425f8b706180e9a6dbf5c9') in 0.009191 seconds 
  Import took 0.011380 seconds .

========================================================================
Received Import Request.
  Time since last request: 2.008657 seconds.
  path: Assets/TextMesh Pro/Sprites/EmojiOne.png
  artifactKey: Guid(dffef66376be4fa480fb02b19edbe903) Importer(815301076,1909f56bfc062723c751e8b465ee728b)
Start importing Assets/TextMesh Pro/Sprites/EmojiOne.png using Guid(dffef66376be4fa480fb02b19edbe903) Importer(815301076,1909f56bfc062723c751e8b465ee728b)  -> (artifact id: '15770c780ebad2127a7dba05b3837a4c') in 0.016636 seconds 
  Import took 0.019106 seconds .

========================================================================
Received Import Request.
  Time since last request: 5.934067 seconds.
  path: Assets/Gates/Materials
  artifactKey: Guid(50e615b44a8024045b11e0080fd199e8) Importer(815301076,1909f56bfc062723c751e8b465ee728b)
Start importing Assets/Gates/Materials using Guid(50e615b44a8024045b11e0080fd199e8) Importer(815301076,1909f56bfc062723c751e8b465ee728b)  -> (artifact id: 'f20ebe2f08c16836b70f62d0cef4fd5b') in 0.002148 seconds 
  Import took 0.004311 seconds .

========================================================================
Received Import Request.
  Time since last request: 0.100453 seconds.
  path: Assets/Gates/Materials/BlueGate.mat
  artifactKey: Guid(294b88776617a4d4caa13bc869f2053c) Importer(815301076,1909f56bfc062723c751e8b465ee728b)
Start importing Assets/Gates/Materials/BlueGate.mat using Guid(294b88776617a4d4caa13bc869f2053c) Importer(815301076,1909f56bfc062723c751e8b465ee728b)  -> (artifact id: '35815231fdba3e3bdc598b4bee78956f') in 0.013661 seconds 
  Import took 0.015880 seconds .

========================================================================
Received Import Request.
  Time since last request: 0.000146 seconds.
  path: Assets/Gates/Materials/RedGate.mat
  artifactKey: Guid(bcc779d535cea844983a155b4475c0b7) Importer(815301076,1909f56bfc062723c751e8b465ee728b)
Start importing Assets/Gates/Materials/RedGate.mat using Guid(bcc779d535cea844983a155b4475c0b7) Importer(815301076,1909f56bfc062723c751e8b465ee728b)  -> (artifact id: 'de4f64702c3ec6b008242ce9b22c3c21') in 0.016775 seconds 
  Import took 0.018875 seconds .

========================================================================
Received Import Request.
  Time since last request: 0.000135 seconds.
  path: Assets/Gates/Materials/GreenGate.mat
  artifactKey: Guid(1d5a676cb075a9743b48ee3982e85178) Importer(815301076,1909f56bfc062723c751e8b465ee728b)
Start importing Assets/Gates/Materials/GreenGate.mat using Guid(1d5a676cb075a9743b48ee3982e85178) Importer(815301076,1909f56bfc062723c751e8b465ee728b)  -> (artifact id: '5d42c3a0f6e2444077fad4f3d1b55a82') in 0.016772 seconds 
  Import took 0.018905 seconds .

========================================================================
Received Import Request.
  Time since last request: 128.643034 seconds.
  path: Assets/Cartoon_Texture_Pack/WALLS/WALL_Bricks/Textures/Wall_Brick_Basecolor_D.png
  artifactKey: Guid(8bd9f047100a82c4cb50b4ae49bbc86c) Importer(815301076,1909f56bfc062723c751e8b465ee728b)
Start importing Assets/Cartoon_Texture_Pack/WALLS/WALL_Bricks/Textures/Wall_Brick_Basecolor_D.png using Guid(8bd9f047100a82c4cb50b4ae49bbc86c) Importer(815301076,1909f56bfc062723c751e8b465ee728b)  -> (artifact id: '0a34a4370997a376f6dd0630edec2386') in 0.015874 seconds 
  Import took 0.018518 seconds .

========================================================================
Received Import Request.
  Time since last request: 1.807459 seconds.
  path: Assets/Cartoon_Texture_Pack/WALLS/WALL_Bricks/Textures/Wall_Brick_Height.png
  artifactKey: Guid(17aeb35c067cd4043bfd58e7e7b6cf6c) Importer(815301076,1909f56bfc062723c751e8b465ee728b)
Start importing Assets/Cartoon_Texture_Pack/WALLS/WALL_Bricks/Textures/Wall_Brick_Height.png using Guid(17aeb35c067cd4043bfd58e7e7b6cf6c) Importer(815301076,1909f56bfc062723c751e8b465ee728b)  -> (artifact id: '52bb7834b87eaf69acd5e830eab29d07') in 0.017382 seconds 
  Import took 0.019594 seconds .

========================================================================
Received Import Request.
  Time since last request: 0.208580 seconds.
  path: Assets/Cartoon_Texture_Pack/WALLS/WALL_Bricks/Textures/Wall_Brick_Metallic.png
  artifactKey: Guid(a9975ebe1309ad04f85c4acbb5d3c25e) Importer(815301076,1909f56bfc062723c751e8b465ee728b)
Start importing Assets/Cartoon_Texture_Pack/WALLS/WALL_Bricks/Textures/Wall_Brick_Metallic.png using Guid(a9975ebe1309ad04f85c4acbb5d3c25e) Importer(815301076,1909f56bfc062723c751e8b465ee728b)  -> (artifact id: '8461b13ccde0068d854aeb23c9163fbc') in 0.017570 seconds 
  Import took 0.020117 seconds .

========================================================================
Received Import Request.
  Time since last request: 0.386409 seconds.
  path: Assets/Cartoon_Texture_Pack/WALLS/WALL_Bricks/Textures/Wall_Brick_Normal.png
  artifactKey: Guid(2c49d12fb89450b488277e7bfc402e8a) Importer(815301076,1909f56bfc062723c751e8b465ee728b)
Start importing Assets/Cartoon_Texture_Pack/WALLS/WALL_Bricks/Textures/Wall_Brick_Normal.png using Guid(2c49d12fb89450b488277e7bfc402e8a) Importer(815301076,1909f56bfc062723c751e8b465ee728b)  -> (artifact id: 'e020e52b1916389f575bd9c92f1d29c0') in 0.017249 seconds 
  Import took 0.019476 seconds .

========================================================================
Received Import Request.
  Time since last request: 62.302822 seconds.
  path: Assets/Prefabs/TNT.prefab
  artifactKey: Guid(b491086d89310794ea871678c327388e) Importer(815301076,1909f56bfc062723c751e8b465ee728b)
Start importing Assets/Prefabs/TNT.prefab using Guid(b491086d89310794ea871678c327388e) Importer(815301076,1909f56bfc062723c751e8b465ee728b)  -> (artifact id: 'c311bdc7f488109b6705e901808f15d5') in 0.034104 seconds 
  Import took 0.036792 seconds .

========================================================================
Received Import Request.
  Time since last request: 8.474067 seconds.
  path: Assets/Prefabs/TNT.prefab
  artifactKey: Guid(b491086d89310794ea871678c327388e) Importer(815301076,1909f56bfc062723c751e8b465ee728b)
Start importing Assets/Prefabs/TNT.prefab using Guid(b491086d89310794ea871678c327388e) Importer(815301076,1909f56bfc062723c751e8b465ee728b)  -> (artifact id: '4a827fefe7ab0b1c53a5d2793376e75b') in 0.009874 seconds 
  Import took 0.012308 seconds .

========================================================================
Received Import Request.
  Time since last request: 3.622849 seconds.
  path: Assets/Prefabs/TNT.prefab
  artifactKey: Guid(b491086d89310794ea871678c327388e) Importer(815301076,1909f56bfc062723c751e8b465ee728b)
Start importing Assets/Prefabs/TNT.prefab using Guid(b491086d89310794ea871678c327388e) Importer(815301076,1909f56bfc062723c751e8b465ee728b)  -> (artifact id: 'bbd87fc5c9cb9cf4e97e3600e30ec436') in 0.008083 seconds 
  Import took 0.010337 seconds .

========================================================================
Received Import Request.
  Time since last request: 3.227241 seconds.
  path: Assets/Prefabs/TNT.prefab
  artifactKey: Guid(b491086d89310794ea871678c327388e) Importer(815301076,1909f56bfc062723c751e8b465ee728b)
Start importing Assets/Prefabs/TNT.prefab using Guid(b491086d89310794ea871678c327388e) Importer(815301076,1909f56bfc062723c751e8b465ee728b)  -> (artifact id: '8a90ca10d902fca6f4ac28186e874939') in 0.009463 seconds 
  Import took 0.012596 seconds .

========================================================================
Received Import Request.
  Time since last request: 253.932914 seconds.
  path: Assets/Players/Untitled.fbx
  artifactKey: Guid(ab5134b5434065e4594abc83960bc37c) Importer(815301076,1909f56bfc062723c751e8b465ee728b)
Start importing Assets/Players/Untitled.fbx using Guid(ab5134b5434065e4594abc83960bc37c) Importer(815301076,1909f56bfc062723c751e8b465ee728b)  -> (artifact id: 'd0318535fd9b12a44365bb562f9dae0d') in 0.071621 seconds 
  Import took 0.074283 seconds .

========================================================================
Received Import Request.
  Time since last request: 115.146360 seconds.
  path: Assets/Players/Materials/New Material.mat
  artifactKey: Guid(76893e84ced674c4db23022828aec54d) Importer(815301076,1909f56bfc062723c751e8b465ee728b)
Start importing Assets/Players/Materials/New Material.mat using Guid(76893e84ced674c4db23022828aec54d) Importer(815301076,1909f56bfc062723c751e8b465ee728b)  -> (artifact id: 'a5367d4af6758ff1a66bb041e777e7d4') in 0.014241 seconds 
  Import took 0.016583 seconds .

========================================================================
Received Import Request.
  Time since last request: 36.625031 seconds.
  path: Assets/Obstacles/Materials/Wall_Brick_AO.mat
  artifactKey: Guid(2b119a5c9e4e2e64a9060201f4be2316) Importer(815301076,1909f56bfc062723c751e8b465ee728b)
Start importing Assets/Obstacles/Materials/Wall_Brick_AO.mat using Guid(2b119a5c9e4e2e64a9060201f4be2316) Importer(815301076,1909f56bfc062723c751e8b465ee728b)  -> (artifact id: 'e62e29ed7d220f0938194448de09656b') in 0.014030 seconds 
  Import took 0.016864 seconds .

========================================================================
Received Import Request.
  Time since last request: 6.833800 seconds.
  path: Assets/Obstacles/Materials/laser.mat
  artifactKey: Guid(06bdbd3bc15c1f049b473ca9f94ce3c5) Importer(815301076,1909f56bfc062723c751e8b465ee728b)
Start importing Assets/Obstacles/Materials/laser.mat using Guid(06bdbd3bc15c1f049b473ca9f94ce3c5) Importer(815301076,1909f56bfc062723c751e8b465ee728b)  -> (artifact id: '33ff748501ebd8bc53c98dd14c508251') in 0.015977 seconds 
  Import took 0.019073 seconds .

========================================================================
Received Import Request.
  Time since last request: 119.560135 seconds.
  path: Assets/Prefabs/Laser.prefab
  artifactKey: Guid(4a7bd29c80c6cd4478400bc4f71c9ff8) Importer(815301076,1909f56bfc062723c751e8b465ee728b)
Start importing Assets/Prefabs/Laser.prefab using Guid(4a7bd29c80c6cd4478400bc4f71c9ff8) Importer(815301076,1909f56bfc062723c751e8b465ee728b)  -> (artifact id: '9abaca88975f1c1b3ca154bdc7bef767') in 0.016708 seconds 
  Import took 0.019217 seconds .

========================================================================
Received Import Request.
  Time since last request: 127.632326 seconds.
  path: Assets/Prefabs/Laser.prefab
  artifactKey: Guid(4a7bd29c80c6cd4478400bc4f71c9ff8) Importer(815301076,1909f56bfc062723c751e8b465ee728b)
Start importing Assets/Prefabs/Laser.prefab using Guid(4a7bd29c80c6cd4478400bc4f71c9ff8) Importer(815301076,1909f56bfc062723c751e8b465ee728b)  -> (artifact id: 'b58c13f21d2ebfb325f7e74db9a39f90') in 0.013023 seconds 
  Import took 0.015572 seconds .

========================================================================
Received Import Request.
  Time since last request: 2.989393 seconds.
  path: Assets/Prefabs/Laser.prefab
  artifactKey: Guid(4a7bd29c80c6cd4478400bc4f71c9ff8) Importer(815301076,1909f56bfc062723c751e8b465ee728b)
Start importing Assets/Prefabs/Laser.prefab using Guid(4a7bd29c80c6cd4478400bc4f71c9ff8) Importer(815301076,1909f56bfc062723c751e8b465ee728b)  -> (artifact id: '98f37bb7e202e9bb082da13e58d02a1c') in 0.012247 seconds 
  Import took 0.014526 seconds .

========================================================================
Received Import Request.
  Time since last request: 3.627410 seconds.
  path: Assets/Prefabs/Laser.prefab
  artifactKey: Guid(4a7bd29c80c6cd4478400bc4f71c9ff8) Importer(815301076,1909f56bfc062723c751e8b465ee728b)
Start importing Assets/Prefabs/Laser.prefab using Guid(4a7bd29c80c6cd4478400bc4f71c9ff8) Importer(815301076,1909f56bfc062723c751e8b465ee728b)  -> (artifact id: '11748ef88fafe393d89b1e4a0f5d97a0') in 0.011111 seconds 
  Import took 0.014137 seconds .

========================================================================
Received Import Request.
  Time since last request: 2.198235 seconds.
  path: Assets/Prefabs/Laser.prefab
  artifactKey: Guid(4a7bd29c80c6cd4478400bc4f71c9ff8) Importer(815301076,1909f56bfc062723c751e8b465ee728b)
Start importing Assets/Prefabs/Laser.prefab using Guid(4a7bd29c80c6cd4478400bc4f71c9ff8) Importer(815301076,1909f56bfc062723c751e8b465ee728b)  -> (artifact id: 'fd7889e9642954baf6a9f61299b0178e') in 0.009973 seconds 
  Import took 0.012339 seconds .

========================================================================
Received Import Request.
  Time since last request: 2.631215 seconds.
  path: Assets/Prefabs/Laser.prefab
  artifactKey: Guid(4a7bd29c80c6cd4478400bc4f71c9ff8) Importer(815301076,1909f56bfc062723c751e8b465ee728b)
Start importing Assets/Prefabs/Laser.prefab using Guid(4a7bd29c80c6cd4478400bc4f71c9ff8) Importer(815301076,1909f56bfc062723c751e8b465ee728b)  -> (artifact id: '02f12c6af5cd4d9a36c2274989336da1') in 0.009362 seconds 
  Import took 0.011646 seconds .

========================================================================
Received Import Request.
  Time since last request: 4.439819 seconds.
  path: Assets/Prefabs/Laser.prefab
  artifactKey: Guid(4a7bd29c80c6cd4478400bc4f71c9ff8) Importer(815301076,1909f56bfc062723c751e8b465ee728b)
Start importing Assets/Prefabs/Laser.prefab using Guid(4a7bd29c80c6cd4478400bc4f71c9ff8) Importer(815301076,1909f56bfc062723c751e8b465ee728b)  -> (artifact id: '76f1a3125c6d24308faeff5902e299d7') in 0.014161 seconds 
  Import took 0.016572 seconds .

========================================================================
Received Import Request.
  Time since last request: 2.809388 seconds.
  path: Assets/Prefabs/Laser.prefab
  artifactKey: Guid(4a7bd29c80c6cd4478400bc4f71c9ff8) Importer(815301076,1909f56bfc062723c751e8b465ee728b)
Start importing Assets/Prefabs/Laser.prefab using Guid(4a7bd29c80c6cd4478400bc4f71c9ff8) Importer(815301076,1909f56bfc062723c751e8b465ee728b)  -> (artifact id: '723ffdcc2e57768f569ae61c8be4b427') in 0.012324 seconds 
  Import took 0.015007 seconds .

========================================================================
Received Import Request.
  Time since last request: 4.632892 seconds.
  path: Assets/Prefabs/Laser.prefab
  artifactKey: Guid(4a7bd29c80c6cd4478400bc4f71c9ff8) Importer(815301076,1909f56bfc062723c751e8b465ee728b)
Start importing Assets/Prefabs/Laser.prefab using Guid(4a7bd29c80c6cd4478400bc4f71c9ff8) Importer(815301076,1909f56bfc062723c751e8b465ee728b)  -> (artifact id: '8cbb70c51cf38c95674368a8eb823169') in 0.008541 seconds 
  Import took 0.010899 seconds .

========================================================================
Received Import Request.
  Time since last request: 27.386505 seconds.
  path: Assets/Prefabs/Laser.prefab
  artifactKey: Guid(4a7bd29c80c6cd4478400bc4f71c9ff8) Importer(815301076,1909f56bfc062723c751e8b465ee728b)
Start importing Assets/Prefabs/Laser.prefab using Guid(4a7bd29c80c6cd4478400bc4f71c9ff8) Importer(815301076,1909f56bfc062723c751e8b465ee728b)  -> (artifact id: 'abc0457527b08ac94e1745daa002cd3f') in 0.008111 seconds 
  Import took 0.010636 seconds .

========================================================================
Received Import Request.
  Time since last request: 3.636143 seconds.
  path: Assets/Prefabs/Laser.prefab
  artifactKey: Guid(4a7bd29c80c6cd4478400bc4f71c9ff8) Importer(815301076,1909f56bfc062723c751e8b465ee728b)
Start importing Assets/Prefabs/Laser.prefab using Guid(4a7bd29c80c6cd4478400bc4f71c9ff8) Importer(815301076,1909f56bfc062723c751e8b465ee728b)  -> (artifact id: '620bda99b6f00ec11431eb538043d0a6') in 0.009915 seconds 
  Import took 0.012196 seconds .

========================================================================
Received Import Request.
  Time since last request: 17.570315 seconds.
  path: Assets/Prefabs/Laser.prefab
  artifactKey: Guid(4a7bd29c80c6cd4478400bc4f71c9ff8) Importer(815301076,1909f56bfc062723c751e8b465ee728b)
Start importing Assets/Prefabs/Laser.prefab using Guid(4a7bd29c80c6cd4478400bc4f71c9ff8) Importer(815301076,1909f56bfc062723c751e8b465ee728b)  -> (artifact id: '89a32900062e9123feeed239e720cf12') in 0.006953 seconds 
  Import took 0.009392 seconds .

========================================================================
Received Import Request.
  Time since last request: 117.292966 seconds.
  path: Assets/Prefabs/Laser.prefab
  artifactKey: Guid(4a7bd29c80c6cd4478400bc4f71c9ff8) Importer(815301076,1909f56bfc062723c751e8b465ee728b)
Start importing Assets/Prefabs/Laser.prefab using Guid(4a7bd29c80c6cd4478400bc4f71c9ff8) Importer(815301076,1909f56bfc062723c751e8b465ee728b)  -> (artifact id: '586ff0334d87f38deb9214b59d42e70d') in 0.008547 seconds 
  Import took 0.011451 seconds .

========================================================================
Received Import Request.
  Time since last request: 4.030519 seconds.
  path: Assets/Prefabs/Laser.prefab
  artifactKey: Guid(4a7bd29c80c6cd4478400bc4f71c9ff8) Importer(815301076,1909f56bfc062723c751e8b465ee728b)
Start importing Assets/Prefabs/Laser.prefab using Guid(4a7bd29c80c6cd4478400bc4f71c9ff8) Importer(815301076,1909f56bfc062723c751e8b465ee728b)  -> (artifact id: 'bf7408141d336de9145f54f5b1e556a4') in 0.006836 seconds 
  Import took 0.009569 seconds .

========================================================================
Received Import Request.
  Time since last request: 5.854423 seconds.
  path: Assets/Prefabs/Laser.prefab
  artifactKey: Guid(4a7bd29c80c6cd4478400bc4f71c9ff8) Importer(815301076,1909f56bfc062723c751e8b465ee728b)
Start importing Assets/Prefabs/Laser.prefab using Guid(4a7bd29c80c6cd4478400bc4f71c9ff8) Importer(815301076,1909f56bfc062723c751e8b465ee728b)  -> (artifact id: '5e1e16d7249d55a10650014a0e96308a') in 0.009097 seconds 
  Import took 0.011397 seconds .

========================================================================
Received Import Request.
  Time since last request: 4.613672 seconds.
  path: Assets/Prefabs/Laser.prefab
  artifactKey: Guid(4a7bd29c80c6cd4478400bc4f71c9ff8) Importer(815301076,1909f56bfc062723c751e8b465ee728b)
Start importing Assets/Prefabs/Laser.prefab using Guid(4a7bd29c80c6cd4478400bc4f71c9ff8) Importer(815301076,1909f56bfc062723c751e8b465ee728b)  -> (artifact id: '4662fb2451fbebf5693c82388769b926') in 0.009222 seconds 
  Import took 0.011715 seconds .

========================================================================
Received Import Request.
  Time since last request: 4.218794 seconds.
  path: Assets/Prefabs/Laser.prefab
  artifactKey: Guid(4a7bd29c80c6cd4478400bc4f71c9ff8) Importer(815301076,1909f56bfc062723c751e8b465ee728b)
Start importing Assets/Prefabs/Laser.prefab using Guid(4a7bd29c80c6cd4478400bc4f71c9ff8) Importer(815301076,1909f56bfc062723c751e8b465ee728b)  -> (artifact id: '8dae70cdc66dee62546c928bdd9655cb') in 0.006851 seconds 
  Import took 0.009389 seconds .

========================================================================
Received Import Request.
  Time since last request: 5.459106 seconds.
  path: Assets/Prefabs/Laser.prefab
  artifactKey: Guid(4a7bd29c80c6cd4478400bc4f71c9ff8) Importer(815301076,1909f56bfc062723c751e8b465ee728b)
Start importing Assets/Prefabs/Laser.prefab using Guid(4a7bd29c80c6cd4478400bc4f71c9ff8) Importer(815301076,1909f56bfc062723c751e8b465ee728b)  -> (artifact id: '8d283de316c9f146e72969bb84466b93') in 0.009184 seconds 
  Import took 0.011522 seconds .

========================================================================
Received Import Request.
  Time since last request: 2.393943 seconds.
  path: Assets/Prefabs/Laser.prefab
  artifactKey: Guid(4a7bd29c80c6cd4478400bc4f71c9ff8) Importer(815301076,1909f56bfc062723c751e8b465ee728b)
Start importing Assets/Prefabs/Laser.prefab using Guid(4a7bd29c80c6cd4478400bc4f71c9ff8) Importer(815301076,1909f56bfc062723c751e8b465ee728b)  -> (artifact id: 'e02f7393bdb502432bcc8066787e4934') in 0.009070 seconds 
  Import took 0.011331 seconds .

========================================================================
Received Import Request.
  Time since last request: 3.025716 seconds.
  path: Assets/Prefabs/Laser.prefab
  artifactKey: Guid(4a7bd29c80c6cd4478400bc4f71c9ff8) Importer(815301076,1909f56bfc062723c751e8b465ee728b)
Start importing Assets/Prefabs/Laser.prefab using Guid(4a7bd29c80c6cd4478400bc4f71c9ff8) Importer(815301076,1909f56bfc062723c751e8b465ee728b)  -> (artifact id: '0a1fbd58b1e2717b2bc95ed9e2f02c4e') in 0.008589 seconds 
  Import took 0.010994 seconds .

========================================================================
Received Import Request.
  Time since last request: 1.200617 seconds.
  path: Assets/Prefabs/Laser.prefab
  artifactKey: Guid(4a7bd29c80c6cd4478400bc4f71c9ff8) Importer(815301076,1909f56bfc062723c751e8b465ee728b)
Start importing Assets/Prefabs/Laser.prefab using Guid(4a7bd29c80c6cd4478400bc4f71c9ff8) Importer(815301076,1909f56bfc062723c751e8b465ee728b)  -> (artifact id: '9e7680545b990372a99a472b57547a76') in 0.008008 seconds 
  Import took 0.011564 seconds .

========================================================================
Received Import Request.
  Time since last request: 109.346385 seconds.
  path: ProjectSettings/TagManager.asset
  artifactKey: Guid(00000000000000003000000000000000) Importer(815301076,1909f56bfc062723c751e8b465ee728b)
Start importing ProjectSettings/TagManager.asset using Guid(00000000000000003000000000000000) Importer(815301076,1909f56bfc062723c751e8b465ee728b)  -> (artifact id: '5b7b36f07ff3c76c1e31fe795f3a67e6') in 0.008841 seconds 
  Import took 0.011461 seconds .

========================================================================
Received Import Request.
  Time since last request: 28.773792 seconds.
  path: Assets/Prefabs/Laser.prefab
  artifactKey: Guid(4a7bd29c80c6cd4478400bc4f71c9ff8) Importer(815301076,1909f56bfc062723c751e8b465ee728b)
Start importing Assets/Prefabs/Laser.prefab using Guid(4a7bd29c80c6cd4478400bc4f71c9ff8) Importer(815301076,1909f56bfc062723c751e8b465ee728b)  -> (artifact id: 'dbd76e0f871f8fdf574ecd1f88591b10') in 0.015677 seconds 
  Import took 0.018182 seconds .

========================================================================
Received Import Request.
  Time since last request: 29.203281 seconds.
  path: Assets/Prefabs/Laser.prefab
  artifactKey: Guid(4a7bd29c80c6cd4478400bc4f71c9ff8) Importer(815301076,1909f56bfc062723c751e8b465ee728b)
Start importing Assets/Prefabs/Laser.prefab using Guid(4a7bd29c80c6cd4478400bc4f71c9ff8) Importer(815301076,1909f56bfc062723c751e8b465ee728b)  -> (artifact id: 'f95660177e63e8471d73c040f83ff454') in 0.008472 seconds 
  Import took 0.010960 seconds .

========================================================================
Received Prepare
Registering precompiled user dll's ...
Registered in 0.004050 seconds.
Begin MonoManager ReloadAssembly
Native extension for WindowsStandalone target not found
Refreshing native plugins compatible for Editor in 0.30 ms, found 2 plugins.
Preloading 0 native plugins for Editor in 0.00 ms.
Mono: successfully reloaded assembly
- Completed reload, in  0.842 seconds
Domain Reload Profiling:
	ReloadAssembly (843ms)
		BeginReloadAssembly (98ms)
			ExecutionOrderSort (0ms)
			DisableScriptedObjects (4ms)
			BackupInstance (0ms)
			ReleaseScriptingObjects (0ms)
			CreateAndSetChildDomain (28ms)
		EndReloadAssembly (692ms)
			LoadAssemblies (75ms)
			RebuildTransferFunctionScriptingTraits (0ms)
			SetupTypeCache (230ms)
			ReleaseScriptCaches (1ms)
			RebuildScriptCaches (37ms)
			SetupLoadedEditorAssemblies (270ms)
				LogAssemblyErrors (0ms)
				InitializePlatformSupportModulesInManaged (4ms)
				SetLoadedEditorAssemblies (0ms)
				RefreshPlugins (0ms)
				BeforeProcessingInitializeOnLoad (65ms)
				ProcessInitializeOnLoadAttributes (187ms)
				ProcessInitializeOnLoadMethodAttributes (8ms)
				AfterProcessingInitializeOnLoad (5ms)
				EditorAssembliesLoaded (0ms)
			ExecutionOrderSort2 (0ms)
			AwakeInstancesAfterBackupRestoration (6ms)
Platform modules already initialized, skipping
Refreshing native plugins compatible for Editor in 0.30 ms, found 2 plugins.
Preloading 0 native plugins for Editor in 0.00 ms.
Unloading 1508 Unused Serialized files (Serialized files now loaded: 0)
System memory in use before: 73.4 MB.
System memory in use after: 73.5 MB.

Unloading 15 unused Assets to reduce memory usage. Loaded Objects now: 2009.
Total: 2.034000 ms (FindLiveObjects: 0.111800 ms CreateObjectMapping: 0.044100 ms MarkObjects: 1.864300 ms  DeleteObjects: 0.012900 ms)

AssetImportParameters requested are different than current active one (requested -> active):
  custom:framework-win-MediaFoundation: 216162199b28c13a410421893ffa2e32 -> 
  custom:video-decoder-ogg-theora: a1e56fd34408186e4bbccfd4996cb3dc -> 
  custom:container-muxer-webm: aa71ff27fc2769a1b78a27578f13a17b -> 
  custom:container-demuxer-webm: 4f35f7cbe854078d1ac9338744f61a02 -> 
  custom:container-demuxer-ogg: 62fdf1f143b41e24485cea50d1cbac27 -> 
  custom:video-encoder-webm-vp8: eb34c28f22e8b96e1ab97ce403110664 -> 
  custom:video-codec-MediaFoundation-h265: 746d11721c4dcdbdad8f713fa42b33f4 -> 
  custom:video-decoder-webm-vp8: 9c59270c3fd7afecdb556c50c9e8de78 -> 
  custom:audio-decoder-ogg-vorbis: bf7c407c2cedff20999df2af8eb42d56 -> 
  custom:audio-encoder-webm-vorbis: bf7c407c2cedff20999df2af8eb42d56 -> 
AssetImportWorkerClient::OnTransportError - code=2 error=End of file
